objc[2532]: Class AXEmojiUtilities is implemented in both /Applications/Xcode.app/Contents/Developer/Platforms/iPhoneSimulator.platform/Developer/SDKs/iPhoneSimulator7.0.sdk/System/Library/PrivateFrameworks/AccessibilityUtilities.framework/AccessibilityUtilities and /Applications/Xcode.app/Contents/Developer/Platforms/iPhoneSimulator.platform/Developer/SDKs/iPhoneSimulator7.0.sdk/usr/lib/libAXSpeechManager.dylib. One of the two will be used. Which one is undefined.
2014-02-28 12:13:34.872 HelloCordova[2532:80b] Cannot find executable for CFBundle 0xa53a290 </Applications/Xcode.app/Contents/Developer/Platforms/iPhoneSimulator.platform/Developer/SDKs/iPhoneSimulator7.0.sdk/System/Library/AccessibilityBundles/GeoServices.axbundle> (not loaded)
2014-02-28 12:13:34.893 HelloCordova[2532:80b] Cannot find executable for CFBundle 0xa91ce60 </Applications/Xcode.app/Contents/Developer/Platforms/iPhoneSimulator.platform/Developer/SDKs/iPhoneSimulator7.0.sdk/System/Library/AccessibilityBundles/CertUIFramework.axbundle> (not loaded)
2014-02-28 12:13:34.949 HelloCordova[2532:80b] Multi-tasking -> Device: YES, App: YES
2014-02-28 12:13:34.972 HelloCordova[2532:80b] Unlimited access to network resources
2014-02-28 12:13:35.235 HelloCordova[2532:80b] Resetting plugins due to page load.
2014-02-28 12:13:36.526 HelloCordova[2532:80b] Finished load of: file:///Users/paulrose/Library/Application%20Support/iPhone%20Simulator/7.0.3/Applications/ACE760E8-6DF3-4449-B227-B09A91723804/HelloCordova.app/www/index.html
2014-02-28 12:14:20.314 HelloCordova[2532:80b] Resetting plugins due to page load.
2014-02-28 12:14:21.325 HelloCordova[2532:80b] Failed to load webpage with error: The operation couldn’t be completed. (NSURLErrorDomain error -999.)
2014-02-28 12:14:21.325 HelloCordova[2532:80b] Resetting plugins due to page load.
2014-02-28 12:14:22.750 HelloCordova[2532:80b] Finished load of: https://m.facebook.com/WarriorHealing?id=1402351180027527&refsrc=https%3A%2F%2Fwww.facebook.com%2FWarriorHealing&_rdr
objc[3608]: Class AXEmojiUtilities is implemented in both /Applications/Xcode.app/Contents/Developer/Platforms/iPhoneSimulator.platform/Developer/SDKs/iPhoneSimulator7.0.sdk/System/Library/PrivateFrameworks/AccessibilityUtilities.framework/AccessibilityUtilities and /Applications/Xcode.app/Contents/Developer/Platforms/iPhoneSimulator.platform/Developer/SDKs/iPhoneSimulator7.0.sdk/usr/lib/libAXSpeechManager.dylib. One of the two will be used. Which one is undefined.
2014-02-28 14:03:53.948 HelloCordova[3608:80b] Cannot find executable for CFBundle 0xab72bb0 </Applications/Xcode.app/Contents/Developer/Platforms/iPhoneSimulator.platform/Developer/SDKs/iPhoneSimulator7.0.sdk/System/Library/AccessibilityBundles/CertUIFramework.axbundle> (not loaded)
2014-02-28 14:03:53.968 HelloCordova[3608:80b] Cannot find executable for CFBundle 0xa77b130 </Applications/Xcode.app/Contents/Developer/Platforms/iPhoneSimulator.platform/Developer/SDKs/iPhoneSimulator7.0.sdk/System/Library/AccessibilityBundles/GeoServices.axbundle> (not loaded)
2014-02-28 14:03:54.015 HelloCordova[3608:80b] Multi-tasking -> Device: YES, App: YES
2014-02-28 14:03:54.022 HelloCordova[3608:80b] Unlimited access to network resources
2014-02-28 14:03:54.124 HelloCordova[3608:80b] Resetting plugins due to page load.
2014-02-28 14:03:56.619 HelloCordova[3608:80b] Finished load of: file:///Users/paulrose/Library/Application%20Support/iPhone%20Simulator/7.0.3/Applications/ACE760E8-6DF3-4449-B227-B09A91723804/HelloCordova.app/www/index.html
objc[4018]: Class AXEmojiUtilities is implemented in both /Applications/Xcode.app/Contents/Developer/Platforms/iPhoneSimulator.platform/Developer/SDKs/iPhoneSimulator7.0.sdk/System/Library/PrivateFrameworks/AccessibilityUtilities.framework/AccessibilityUtilities and /Applications/Xcode.app/Contents/Developer/Platforms/iPhoneSimulator.platform/Developer/SDKs/iPhoneSimulator7.0.sdk/usr/lib/libAXSpeechManager.dylib. One of the two will be used. Which one is undefined.
2014-02-28 14:16:04.301 HelloCordova[4018:80b] Cannot find executable for CFBundle 0xaa63580 </Applications/Xcode.app/Contents/Developer/Platforms/iPhoneSimulator.platform/Developer/SDKs/iPhoneSimulator7.0.sdk/System/Library/AccessibilityBundles/GeoServices.axbundle> (not loaded)
2014-02-28 14:16:04.310 HelloCordova[4018:80b] Cannot find executable for CFBundle 0xaa8bf40 </Applications/Xcode.app/Contents/Developer/Platforms/iPhoneSimulator.platform/Developer/SDKs/iPhoneSimulator7.0.sdk/System/Library/AccessibilityBundles/CertUIFramework.axbundle> (not loaded)
2014-02-28 14:16:04.366 HelloCordova[4018:80b] Multi-tasking -> Device: YES, App: YES
2014-02-28 14:16:04.373 HelloCordova[4018:80b] Unlimited access to network resources
2014-02-28 14:16:04.479 HelloCordova[4018:80b] Resetting plugins due to page load.
2014-02-28 14:16:04.936 HelloCordova[4018:80b] Finished load of: file:///Users/paulrose/Library/Application%20Support/iPhone%20Simulator/7.0.3/Applications/ACE760E8-6DF3-4449-B227-B09A91723804/HelloCordova.app/www/index.html
objc[4369]: Class AXEmojiUtilities is implemented in both /Applications/Xcode.app/Contents/Developer/Platforms/iPhoneSimulator.platform/Developer/SDKs/iPhoneSimulator7.0.sdk/System/Library/PrivateFrameworks/AccessibilityUtilities.framework/AccessibilityUtilities and /Applications/Xcode.app/Contents/Developer/Platforms/iPhoneSimulator.platform/Developer/SDKs/iPhoneSimulator7.0.sdk/usr/lib/libAXSpeechManager.dylib. One of the two will be used. Which one is undefined.
2014-02-28 14:16:57.604 HelloCordova[4369:80b] Cannot find executable for CFBundle 0xa768c00 </Applications/Xcode.app/Contents/Developer/Platforms/iPhoneSimulator.platform/Developer/SDKs/iPhoneSimulator7.0.sdk/System/Library/AccessibilityBundles/GeoServices.axbundle> (not loaded)
2014-02-28 14:16:57.615 HelloCordova[4369:80b] Cannot find executable for CFBundle 0xa582830 </Applications/Xcode.app/Contents/Developer/Platforms/iPhoneSimulator.platform/Developer/SDKs/iPhoneSimulator7.0.sdk/System/Library/AccessibilityBundles/CertUIFramework.axbundle> (not loaded)
2014-02-28 14:16:57.679 HelloCordova[4369:80b] Multi-tasking -> Device: YES, App: YES
2014-02-28 14:16:57.685 HelloCordova[4369:80b] Unlimited access to network resources
2014-02-28 14:16:57.802 HelloCordova[4369:80b] Resetting plugins due to page load.
2014-02-28 14:16:58.518 HelloCordova[4369:80b] Finished load of: file:///Users/paulrose/Library/Application%20Support/iPhone%20Simulator/7.0.3/Applications/ACE760E8-6DF3-4449-B227-B09A91723804/HelloCordova.app/www/index.html
objc[4800]: Class AXEmojiUtilities is implemented in both /Applications/Xcode.app/Contents/Developer/Platforms/iPhoneSimulator.platform/Developer/SDKs/iPhoneSimulator7.0.sdk/System/Library/PrivateFrameworks/AccessibilityUtilities.framework/AccessibilityUtilities and /Applications/Xcode.app/Contents/Developer/Platforms/iPhoneSimulator.platform/Developer/SDKs/iPhoneSimulator7.0.sdk/usr/lib/libAXSpeechManager.dylib. One of the two will be used. Which one is undefined.
2014-02-28 14:35:07.287 HelloCordova[4800:80b] Cannot find executable for CFBundle 0xa440630 </Applications/Xcode.app/Contents/Developer/Platforms/iPhoneSimulator.platform/Developer/SDKs/iPhoneSimulator7.0.sdk/System/Library/AccessibilityBundles/GeoServices.axbundle> (not loaded)
2014-02-28 14:35:07.298 HelloCordova[4800:80b] Cannot find executable for CFBundle 0xaa1f1e0 </Applications/Xcode.app/Contents/Developer/Platforms/iPhoneSimulator.platform/Developer/SDKs/iPhoneSimulator7.0.sdk/System/Library/AccessibilityBundles/CertUIFramework.axbundle> (not loaded)
2014-02-28 14:35:07.343 HelloCordova[4800:80b] Multi-tasking -> Device: YES, App: YES
2014-02-28 14:35:07.351 HelloCordova[4800:80b] Unlimited access to network resources
2014-02-28 14:35:07.462 HelloCordova[4800:80b] Resetting plugins due to page load.
2014-02-28 14:35:07.797 HelloCordova[4800:80b] Finished load of: file:///Users/paulrose/Library/Application%20Support/iPhone%20Simulator/7.0.3/Applications/ACE760E8-6DF3-4449-B227-B09A91723804/HelloCordova.app/www/index.html
2014-02-28 14:36:11.030 HelloCordova[4800:80b] Resetting plugins due to page load.
objc[6122]: Class AXEmojiUtilities is implemented in both /Applications/Xcode.app/Contents/Developer/Platforms/iPhoneSimulator.platform/Developer/SDKs/iPhoneSimulator7.0.sdk/System/Library/PrivateFrameworks/AccessibilityUtilities.framework/AccessibilityUtilities and /Applications/Xcode.app/Contents/Developer/Platforms/iPhoneSimulator.platform/Developer/SDKs/iPhoneSimulator7.0.sdk/usr/lib/libAXSpeechManager.dylib. One of the two will be used. Which one is undefined.
2014-02-28 16:45:49.667 HelloCordova[6122:80b] Cannot find executable for CFBundle 0xa8803a0 </Applications/Xcode.app/Contents/Developer/Platforms/iPhoneSimulator.platform/Developer/SDKs/iPhoneSimulator7.0.sdk/System/Library/AccessibilityBundles/CertUIFramework.axbundle> (not loaded)
2014-02-28 16:45:49.688 HelloCordova[6122:80b] Cannot find executable for CFBundle 0xa493550 </Applications/Xcode.app/Contents/Developer/Platforms/iPhoneSimulator.platform/Developer/SDKs/iPhoneSimulator7.0.sdk/System/Library/AccessibilityBundles/GeoServices.axbundle> (not loaded)
2014-02-28 16:45:49.740 HelloCordova[6122:80b] Multi-tasking -> Device: YES, App: YES
2014-02-28 16:45:49.745 HelloCordova[6122:80b] Unlimited access to network resources
2014-02-28 16:45:49.855 HelloCordova[6122:80b] Resetting plugins due to page load.
2014-02-28 16:45:50.143 HelloCordova[6122:80b] Finished load of: file:///Users/paulrose/Library/Application%20Support/iPhone%20Simulator/7.0.3/Applications/ACE760E8-6DF3-4449-B227-B09A91723804/HelloCordova.app/www/index.html
objc[6491]: Class AXEmojiUtilities is implemented in both /Applications/Xcode.app/Contents/Developer/Platforms/iPhoneSimulator.platform/Developer/SDKs/iPhoneSimulator7.0.sdk/System/Library/PrivateFrameworks/AccessibilityUtilities.framework/AccessibilityUtilities and /Applications/Xcode.app/Contents/Developer/Platforms/iPhoneSimulator.platform/Developer/SDKs/iPhoneSimulator7.0.sdk/usr/lib/libAXSpeechManager.dylib. One of the two will be used. Which one is undefined.
2014-02-28 16:47:36.985 HelloCordova[6491:80b] Cannot find executable for CFBundle 0xa9a9620 </Applications/Xcode.app/Contents/Developer/Platforms/iPhoneSimulator.platform/Developer/SDKs/iPhoneSimulator7.0.sdk/System/Library/AccessibilityBundles/CertUIFramework.axbundle> (not loaded)
2014-02-28 16:47:37.006 HelloCordova[6491:80b] Cannot find executable for CFBundle 0xab72fd0 </Applications/Xcode.app/Contents/Developer/Platforms/iPhoneSimulator.platform/Developer/SDKs/iPhoneSimulator7.0.sdk/System/Library/AccessibilityBundles/GeoServices.axbundle> (not loaded)
2014-02-28 16:47:37.048 HelloCordova[6491:80b] Multi-tasking -> Device: YES, App: YES
2014-02-28 16:47:37.053 HelloCordova[6491:80b] Unlimited access to network resources
2014-02-28 16:47:37.159 HelloCordova[6491:80b] Resetting plugins due to page load.
2014-02-28 16:47:37.515 HelloCordova[6491:80b] Finished load of: file:///Users/paulrose/Library/Application%20Support/iPhone%20Simulator/7.0.3/Applications/ACE760E8-6DF3-4449-B227-B09A91723804/HelloCordova.app/www/index.html
2014-02-28 16:47:45.263 HelloCordova[6491:80b] Resetting plugins due to page load.
2014-02-28 16:47:45.291 HelloCordova[6491:80b] Failed to load webpage with error: The operation couldn’t be completed. (NSURLErrorDomain error -999.)
2014-02-28 16:47:45.309 HelloCordova[6491:80b] Resetting plugins due to page load.
2014-02-28 16:47:46.216 HelloCordova[6491:80b] Finished load of: file:///Users/paulrose/Library/Application%20Support/iPhone%20Simulator/7.0.3/Applications/ACE760E8-6DF3-4449-B227-B09A91723804/HelloCordova.app/www/events.html
objc[6858]: Class AXEmojiUtilities is implemented in both /Applications/Xcode.app/Contents/Developer/Platforms/iPhoneSimulator.platform/Developer/SDKs/iPhoneSimulator7.0.sdk/System/Library/PrivateFrameworks/AccessibilityUtilities.framework/AccessibilityUtilities and /Applications/Xcode.app/Contents/Developer/Platforms/iPhoneSimulator.platform/Developer/SDKs/iPhoneSimulator7.0.sdk/usr/lib/libAXSpeechManager.dylib. One of the two will be used. Which one is undefined.
2014-02-28 16:50:36.363 HelloCordova[6858:80b] Cannot find executable for CFBundle 0xa5307d0 </Applications/Xcode.app/Contents/Developer/Platforms/iPhoneSimulator.platform/Developer/SDKs/iPhoneSimulator7.0.sdk/System/Library/AccessibilityBundles/CertUIFramework.axbundle> (not loaded)
2014-02-28 16:50:36.385 HelloCordova[6858:80b] Cannot find executable for CFBundle 0xa46e0a0 </Applications/Xcode.app/Contents/Developer/Platforms/iPhoneSimulator.platform/Developer/SDKs/iPhoneSimulator7.0.sdk/System/Library/AccessibilityBundles/GeoServices.axbundle> (not loaded)
2014-02-28 16:50:36.435 HelloCordova[6858:80b] Multi-tasking -> Device: YES, App: YES
2014-02-28 16:50:36.441 HelloCordova[6858:80b] Unlimited access to network resources
2014-02-28 16:50:36.549 HelloCordova[6858:80b] Resetting plugins due to page load.
2014-02-28 16:50:37.181 HelloCordova[6858:80b] Finished load of: file:///Users/paulrose/Library/Application%20Support/iPhone%20Simulator/7.0.3/Applications/ACE760E8-6DF3-4449-B227-B09A91723804/HelloCordova.app/www/index.html
objc[7571]: Class AXEmojiUtilities is implemented in both /Applications/Xcode.app/Contents/Developer/Platforms/iPhoneSimulator.platform/Developer/SDKs/iPhoneSimulator7.0.sdk/System/Library/PrivateFrameworks/AccessibilityUtilities.framework/AccessibilityUtilities and /Applications/Xcode.app/Contents/Developer/Platforms/iPhoneSimulator.platform/Developer/SDKs/iPhoneSimulator7.0.sdk/usr/lib/libAXSpeechManager.dylib. One of the two will be used. Which one is undefined.
2014-02-28 16:57:05.265 HelloCordova[7571:80b] Cannot find executable for CFBundle 0xa7ae140 </Applications/Xcode.app/Contents/Developer/Platforms/iPhoneSimulator.platform/Developer/SDKs/iPhoneSimulator7.0.sdk/System/Library/AccessibilityBundles/CertUIFramework.axbundle> (not loaded)
2014-02-28 16:57:05.276 HelloCordova[7571:80b] Cannot find executable for CFBundle 0xab82a70 </Applications/Xcode.app/Contents/Developer/Platforms/iPhoneSimulator.platform/Developer/SDKs/iPhoneSimulator7.0.sdk/System/Library/AccessibilityBundles/GeoServices.axbundle> (not loaded)
2014-02-28 16:57:05.328 HelloCordova[7571:80b] Multi-tasking -> Device: YES, App: YES
2014-02-28 16:57:05.333 HelloCordova[7571:80b] Unlimited access to network resources
2014-02-28 16:57:05.446 HelloCordova[7571:80b] Resetting plugins due to page load.
2014-02-28 16:57:05.802 HelloCordova[7571:80b] Finished load of: file:///Users/paulrose/Library/Application%20Support/iPhone%20Simulator/7.0.3/Applications/ACE760E8-6DF3-4449-B227-B09A91723804/HelloCordova.app/www/index.html
objc[8540]: Class AXEmojiUtilities is implemented in both /Applications/Xcode.app/Contents/Developer/Platforms/iPhoneSimulator.platform/Developer/SDKs/iPhoneSimulator7.0.sdk/System/Library/PrivateFrameworks/AccessibilityUtilities.framework/AccessibilityUtilities and /Applications/Xcode.app/Contents/Developer/Platforms/iPhoneSimulator.platform/Developer/SDKs/iPhoneSimulator7.0.sdk/usr/lib/libAXSpeechManager.dylib. One of the two will be used. Which one is undefined.
2014-02-28 16:59:52.191 HelloCordova[8540:80b] Cannot find executable for CFBundle 0xa748320 </Applications/Xcode.app/Contents/Developer/Platforms/iPhoneSimulator.platform/Developer/SDKs/iPhoneSimulator7.0.sdk/System/Library/AccessibilityBundles/CertUIFramework.axbundle> (not loaded)
2014-02-28 16:59:52.211 HelloCordova[8540:80b] Cannot find executable for CFBundle 0xa84ac20 </Applications/Xcode.app/Contents/Developer/Platforms/iPhoneSimulator.platform/Developer/SDKs/iPhoneSimulator7.0.sdk/System/Library/AccessibilityBundles/GeoServices.axbundle> (not loaded)
2014-02-28 16:59:52.263 HelloCordova[8540:80b] Multi-tasking -> Device: YES, App: YES
2014-02-28 16:59:52.269 HelloCordova[8540:80b] Unlimited access to network resources
2014-02-28 16:59:52.380 HelloCordova[8540:80b] Resetting plugins due to page load.
2014-02-28 16:59:52.729 HelloCordova[8540:80b] Finished load of: file:///Users/paulrose/Library/Application%20Support/iPhone%20Simulator/7.0.3/Applications/ACE760E8-6DF3-4449-B227-B09A91723804/HelloCordova.app/www/index.html
objc[10211]: Class AXEmojiUtilities is implemented in both /Applications/Xcode.app/Contents/Developer/Platforms/iPhoneSimulator.platform/Developer/SDKs/iPhoneSimulator7.0.sdk/System/Library/PrivateFrameworks/AccessibilityUtilities.framework/AccessibilityUtilities and /Applications/Xcode.app/Contents/Developer/Platforms/iPhoneSimulator.platform/Developer/SDKs/iPhoneSimulator7.0.sdk/usr/lib/libAXSpeechManager.dylib. One of the two will be used. Which one is undefined.
2014-02-28 21:45:09.832 Warrior Healing[10211:80b] Cannot find executable for CFBundle 0xa55e990 </Applications/Xcode.app/Contents/Developer/Platforms/iPhoneSimulator.platform/Developer/SDKs/iPhoneSimulator7.0.sdk/System/Library/AccessibilityBundles/GeoServices.axbundle> (not loaded)
2014-02-28 21:45:09.841 Warrior Healing[10211:80b] Cannot find executable for CFBundle 0xa5918b0 </Applications/Xcode.app/Contents/Developer/Platforms/iPhoneSimulator.platform/Developer/SDKs/iPhoneSimulator7.0.sdk/System/Library/AccessibilityBundles/CertUIFramework.axbundle> (not loaded)
2014-02-28 21:45:09.905 Warrior Healing[10211:80b] Multi-tasking -> Device: YES, App: YES
2014-02-28 21:45:09.912 Warrior Healing[10211:80b] Unlimited access to network resources
2014-02-28 21:45:09.915 Warrior Healing[10211:80b] Fix applied for database locations?: YES
2014-02-28 21:45:10.015 Warrior Healing[10211:80b] Resetting plugins due to page load.
2014-02-28 21:45:10.263 Warrior Healing[10211:80b] Finished load of: file:///Users/paulrose/Library/Application%20Support/iPhone%20Simulator/7.0.3/Applications/BB3587E0-6013-4875-B683-635CDAD8A977/Warrior%20Healing.app/www/index.html
objc[10904]: Class AXEmojiUtilities is implemented in both /Applications/Xcode.app/Contents/Developer/Platforms/iPhoneSimulator.platform/Developer/SDKs/iPhoneSimulator7.0.sdk/System/Library/PrivateFrameworks/AccessibilityUtilities.framework/AccessibilityUtilities and /Applications/Xcode.app/Contents/Developer/Platforms/iPhoneSimulator.platform/Developer/SDKs/iPhoneSimulator7.0.sdk/usr/lib/libAXSpeechManager.dylib. One of the two will be used. Which one is undefined.
2014-02-28 21:49:59.031 Warrior Healing[10904:80b] Cannot find executable for CFBundle 0xa752db0 </Applications/Xcode.app/Contents/Developer/Platforms/iPhoneSimulator.platform/Developer/SDKs/iPhoneSimulator7.0.sdk/System/Library/AccessibilityBundles/CertUIFramework.axbundle> (not loaded)
2014-02-28 21:49:59.052 Warrior Healing[10904:80b] Cannot find executable for CFBundle 0xaa86ab0 </Applications/Xcode.app/Contents/Developer/Platforms/iPhoneSimulator.platform/Developer/SDKs/iPhoneSimulator7.0.sdk/System/Library/AccessibilityBundles/GeoServices.axbundle> (not loaded)
2014-02-28 21:49:59.105 Warrior Healing[10904:80b] Multi-tasking -> Device: YES, App: YES
2014-02-28 21:49:59.112 Warrior Healing[10904:80b] Unlimited access to network resources
2014-02-28 21:49:59.227 Warrior Healing[10904:80b] Resetting plugins due to page load.
2014-02-28 21:49:59.492 Warrior Healing[10904:80b] Finished load of: file:///Users/paulrose/Library/Application%20Support/iPhone%20Simulator/7.0.3/Applications/BB3587E0-6013-4875-B683-635CDAD8A977/Warrior%20Healing.app/www/index.html
objc[11569]: Class AXEmojiUtilities is implemented in both /Applications/Xcode.app/Contents/Developer/Platforms/iPhoneSimulator.platform/Developer/SDKs/iPhoneSimulator7.0.sdk/System/Library/PrivateFrameworks/AccessibilityUtilities.framework/AccessibilityUtilities and /Applications/Xcode.app/Contents/Developer/Platforms/iPhoneSimulator.platform/Developer/SDKs/iPhoneSimulator7.0.sdk/usr/lib/libAXSpeechManager.dylib. One of the two will be used. Which one is undefined.
2014-02-28 21:53:27.310 Warrior Healing[11569:80b] Cannot find executable for CFBundle 0xa76bb50 </Applications/Xcode.app/Contents/Developer/Platforms/iPhoneSimulator.platform/Developer/SDKs/iPhoneSimulator7.0.sdk/System/Library/AccessibilityBundles/CertUIFramework.axbundle> (not loaded)
2014-02-28 21:53:27.329 Warrior Healing[11569:80b] Cannot find executable for CFBundle 0xa79e0f0 </Applications/Xcode.app/Contents/Developer/Platforms/iPhoneSimulator.platform/Developer/SDKs/iPhoneSimulator7.0.sdk/System/Library/AccessibilityBundles/GeoServices.axbundle> (not loaded)
2014-02-28 21:53:27.380 Warrior Healing[11569:80b] Multi-tasking -> Device: YES, App: YES
2014-02-28 21:53:27.386 Warrior Healing[11569:80b] Unlimited access to network resources
2014-02-28 21:53:27.494 Warrior Healing[11569:80b] Resetting plugins due to page load.
2014-02-28 21:53:27.741 Warrior Healing[11569:80b] Finished load of: file:///Users/paulrose/Library/Application%20Support/iPhone%20Simulator/7.0.3/Applications/BB3587E0-6013-4875-B683-635CDAD8A977/Warrior%20Healing.app/www/index.html
objc[12229]: Class AXEmojiUtilities is implemented in both /Applications/Xcode.app/Contents/Developer/Platforms/iPhoneSimulator.platform/Developer/SDKs/iPhoneSimulator7.0.sdk/System/Library/PrivateFrameworks/AccessibilityUtilities.framework/AccessibilityUtilities and /Applications/Xcode.app/Contents/Developer/Platforms/iPhoneSimulator.platform/Developer/SDKs/iPhoneSimulator7.0.sdk/usr/lib/libAXSpeechManager.dylib. One of the two will be used. Which one is undefined.
2014-02-28 21:55:24.313 Warrior Healing[12229:80b] Cannot find executable for CFBundle 0xa455f40 </Applications/Xcode.app/Contents/Developer/Platforms/iPhoneSimulator.platform/Developer/SDKs/iPhoneSimulator7.0.sdk/System/Library/AccessibilityBundles/GeoServices.axbundle> (not loaded)
2014-02-28 21:55:24.325 Warrior Healing[12229:80b] Cannot find executable for CFBundle 0xa9877a0 </Applications/Xcode.app/Contents/Developer/Platforms/iPhoneSimulator.platform/Developer/SDKs/iPhoneSimulator7.0.sdk/System/Library/AccessibilityBundles/CertUIFramework.axbundle> (not loaded)
2014-02-28 21:55:24.400 Warrior Healing[12229:80b] Multi-tasking -> Device: YES, App: YES
2014-02-28 21:55:24.405 Warrior Healing[12229:80b] Unlimited access to network resources
2014-02-28 21:55:24.510 Warrior Healing[12229:80b] Resetting plugins due to page load.
2014-02-28 21:55:24.748 Warrior Healing[12229:80b] Finished load of: file:///Users/paulrose/Library/Application%20Support/iPhone%20Simulator/7.0.3/Applications/BB3587E0-6013-4875-B683-635CDAD8A977/Warrior%20Healing.app/www/index.html
objc[12934]: Class AXEmojiUtilities is implemented in both /Applications/Xcode.app/Contents/Developer/Platforms/iPhoneSimulator.platform/Developer/SDKs/iPhoneSimulator7.0.sdk/System/Library/PrivateFrameworks/AccessibilityUtilities.framework/AccessibilityUtilities and /Applications/Xcode.app/Contents/Developer/Platforms/iPhoneSimulator.platform/Developer/SDKs/iPhoneSimulator7.0.sdk/usr/lib/libAXSpeechManager.dylib. One of the two will be used. Which one is undefined.
2014-02-28 21:59:58.918 Warrior Healing[12934:80b] Cannot find executable for CFBundle 0xa6624d0 </Applications/Xcode.app/Contents/Developer/Platforms/iPhoneSimulator.platform/Developer/SDKs/iPhoneSimulator7.0.sdk/System/Library/AccessibilityBundles/GeoServices.axbundle> (not loaded)
2014-02-28 21:59:58.939 Warrior Healing[12934:80b] Cannot find executable for CFBundle 0xac587f0 </Applications/Xcode.app/Contents/Developer/Platforms/iPhoneSimulator.platform/Developer/SDKs/iPhoneSimulator7.0.sdk/System/Library/AccessibilityBundles/CertUIFramework.axbundle> (not loaded)
2014-02-28 21:59:58.995 Warrior Healing[12934:80b] Multi-tasking -> Device: YES, App: YES
2014-02-28 21:59:59.000 Warrior Healing[12934:80b] Unlimited access to network resources
2014-02-28 21:59:59.133 Warrior Healing[12934:80b] Resetting plugins due to page load.
2014-02-28 21:59:59.402 Warrior Healing[12934:80b] Finished load of: file:///Users/paulrose/Library/Application%20Support/iPhone%20Simulator/7.0.3/Applications/BB3587E0-6013-4875-B683-635CDAD8A977/Warrior%20Healing.app/www/index.html
objc[13597]: Class AXEmojiUtilities is implemented in both /Applications/Xcode.app/Contents/Developer/Platforms/iPhoneSimulator.platform/Developer/SDKs/iPhoneSimulator7.0.sdk/System/Library/PrivateFrameworks/AccessibilityUtilities.framework/AccessibilityUtilities and /Applications/Xcode.app/Contents/Developer/Platforms/iPhoneSimulator.platform/Developer/SDKs/iPhoneSimulator7.0.sdk/usr/lib/libAXSpeechManager.dylib. One of the two will be used. Which one is undefined.
2014-02-28 22:01:23.101 Warrior Healing[13597:80b] Cannot find executable for CFBundle 0xaa70aa0 </Applications/Xcode.app/Contents/Developer/Platforms/iPhoneSimulator.platform/Developer/SDKs/iPhoneSimulator7.0.sdk/System/Library/AccessibilityBundles/GeoServices.axbundle> (not loaded)
2014-02-28 22:01:23.122 Warrior Healing[13597:80b] Cannot find executable for CFBundle 0xa87b410 </Applications/Xcode.app/Contents/Developer/Platforms/iPhoneSimulator.platform/Developer/SDKs/iPhoneSimulator7.0.sdk/System/Library/AccessibilityBundles/CertUIFramework.axbundle> (not loaded)
2014-02-28 22:01:23.177 Warrior Healing[13597:80b] Multi-tasking -> Device: YES, App: YES
2014-02-28 22:01:23.184 Warrior Healing[13597:80b] Unlimited access to network resources
2014-02-28 22:01:23.289 Warrior Healing[13597:80b] Resetting plugins due to page load.
2014-02-28 22:01:23.623 Warrior Healing[13597:80b] Finished load of: file:///Users/paulrose/Library/Application%20Support/iPhone%20Simulator/7.0.3/Applications/BB3587E0-6013-4875-B683-635CDAD8A977/Warrior%20Healing.app/www/index.html
objc[14255]: Class AXEmojiUtilities is implemented in both /Applications/Xcode.app/Contents/Developer/Platforms/iPhoneSimulator.platform/Developer/SDKs/iPhoneSimulator7.0.sdk/System/Library/PrivateFrameworks/AccessibilityUtilities.framework/AccessibilityUtilities and /Applications/Xcode.app/Contents/Developer/Platforms/iPhoneSimulator.platform/Developer/SDKs/iPhoneSimulator7.0.sdk/usr/lib/libAXSpeechManager.dylib. One of the two will be used. Which one is undefined.
2014-02-28 22:02:23.762 Warrior Healing[14255:80b] Cannot find executable for CFBundle 0xa44a750 </Applications/Xcode.app/Contents/Developer/Platforms/iPhoneSimulator.platform/Developer/SDKs/iPhoneSimulator7.0.sdk/System/Library/AccessibilityBundles/GeoServices.axbundle> (not loaded)
2014-02-28 22:02:23.772 Warrior Healing[14255:80b] Cannot find executable for CFBundle 0xa95e9f0 </Applications/Xcode.app/Contents/Developer/Platforms/iPhoneSimulator.platform/Developer/SDKs/iPhoneSimulator7.0.sdk/System/Library/AccessibilityBundles/CertUIFramework.axbundle> (not loaded)
2014-02-28 22:02:23.828 Warrior Healing[14255:80b] Multi-tasking -> Device: YES, App: YES
2014-02-28 22:02:23.834 Warrior Healing[14255:80b] Unlimited access to network resources
2014-02-28 22:02:23.947 Warrior Healing[14255:80b] Resetting plugins due to page load.
2014-02-28 22:02:24.222 Warrior Healing[14255:80b] Finished load of: file:///Users/paulrose/Library/Application%20Support/iPhone%20Simulator/7.0.3/Applications/BB3587E0-6013-4875-B683-635CDAD8A977/Warrior%20Healing.app/www/index.html
objc[3206]: Class AXEmojiUtilities is implemented in both /Applications/Xcode.app/Contents/Developer/Platforms/iPhoneSimulator.platform/Developer/SDKs/iPhoneSimulator7.0.sdk/System/Library/PrivateFrameworks/AccessibilityUtilities.framework/AccessibilityUtilities and /Applications/Xcode.app/Contents/Developer/Platforms/iPhoneSimulator.platform/Developer/SDKs/iPhoneSimulator7.0.sdk/usr/lib/libAXSpeechManager.dylib. One of the two will be used. Which one is undefined.
2014-03-01 11:46:23.576 Warrior Healing[3206:80b] Cannot find executable for CFBundle 0xb9688a0 </Applications/Xcode.app/Contents/Developer/Platforms/iPhoneSimulator.platform/Developer/SDKs/iPhoneSimulator7.0.sdk/System/Library/AccessibilityBundles/CertUIFramework.axbundle> (not loaded)
2014-03-01 11:46:23.593 Warrior Healing[3206:80b] Cannot find executable for CFBundle 0xa446890 </Applications/Xcode.app/Contents/Developer/Platforms/iPhoneSimulator.platform/Developer/SDKs/iPhoneSimulator7.0.sdk/System/Library/AccessibilityBundles/GeoServices.axbundle> (not loaded)
2014-03-01 11:46:23.657 Warrior Healing[3206:80b] Multi-tasking -> Device: YES, App: YES
2014-03-01 11:46:23.678 Warrior Healing[3206:80b] Unlimited access to network resources
2014-03-01 11:46:23.948 Warrior Healing[3206:80b] Resetting plugins due to page load.
2014-03-01 11:46:24.768 Warrior Healing[3206:80b] Finished load of: file:///Users/paulrose/Library/Application%20Support/iPhone%20Simulator/7.0.3/Applications/BB3587E0-6013-4875-B683-635CDAD8A977/Warrior%20Healing.app/www/index.html
objc[3859]: Class AXEmojiUtilities is implemented in both /Applications/Xcode.app/Contents/Developer/Platforms/iPhoneSimulator.platform/Developer/SDKs/iPhoneSimulator7.0.sdk/System/Library/PrivateFrameworks/AccessibilityUtilities.framework/AccessibilityUtilities and /Applications/Xcode.app/Contents/Developer/Platforms/iPhoneSimulator.platform/Developer/SDKs/iPhoneSimulator7.0.sdk/usr/lib/libAXSpeechManager.dylib. One of the two will be used. Which one is undefined.
2014-03-01 11:48:02.913 Warrior Healing[3859:80b] Cannot find executable for CFBundle 0xa53d920 </Applications/Xcode.app/Contents/Developer/Platforms/iPhoneSimulator.platform/Developer/SDKs/iPhoneSimulator7.0.sdk/System/Library/AccessibilityBundles/GeoServices.axbundle> (not loaded)
2014-03-01 11:48:02.924 Warrior Healing[3859:80b] Cannot find executable for CFBundle 0xad57670 </Applications/Xcode.app/Contents/Developer/Platforms/iPhoneSimulator.platform/Developer/SDKs/iPhoneSimulator7.0.sdk/System/Library/AccessibilityBundles/CertUIFramework.axbundle> (not loaded)
2014-03-01 11:48:02.977 Warrior Healing[3859:80b] Multi-tasking -> Device: YES, App: YES
2014-03-01 11:48:02.984 Warrior Healing[3859:80b] Unlimited access to network resources
2014-03-01 11:48:03.087 Warrior Healing[3859:80b] Resetting plugins due to page load.
2014-03-01 11:48:03.943 Warrior Healing[3859:80b] Finished load of: file:///Users/paulrose/Library/Application%20Support/iPhone%20Simulator/7.0.3/Applications/BB3587E0-6013-4875-B683-635CDAD8A977/Warrior%20Healing.app/www/index.html
2014-03-01 11:48:13.738 Warrior Healing[3859:80b] Resetting plugins due to page load.
2014-03-01 11:48:13.772 Warrior Healing[3859:80b] Failed to load webpage with error: The operation couldn’t be completed. (NSURLErrorDomain error -999.)
2014-03-01 11:48:13.791 Warrior Healing[3859:80b] Resetting plugins due to page load.
2014-03-01 11:48:18.166 Warrior Healing[3859:80b] Finished load of: file:///Users/paulrose/Library/Application%20Support/iPhone%20Simulator/7.0.3/Applications/BB3587E0-6013-4875-B683-635CDAD8A977/Warrior%20Healing.app/www/events.html
2014-03-01 11:53:57.694 Warrior Healing[3859:80b] Resetting plugins due to page load.
2014-03-01 11:53:57.802 Warrior Healing[3859:80b] Finished load of: file:///Users/paulrose/Library/Application%20Support/iPhone%20Simulator/7.0.3/Applications/BB3587E0-6013-4875-B683-635CDAD8A977/Warrior%20Healing.app/www/index.html
2014-03-01 11:54:05.009 Warrior Healing[3859:80b] Resetting plugins due to page load.
2014-03-01 11:54:08.434 Warrior Healing[3859:80b] Finished load of: https://m.facebook.com/WarriorHealing?id=1402351180027527&refsrc=https%3A%2F%2Fwww.facebook.com%2FWarriorHealing&_rdr
objc[2093]: Class AXEmojiUtilities is implemented in both /Applications/Xcode.app/Contents/Developer/Platforms/iPhoneSimulator.platform/Developer/SDKs/iPhoneSimulator7.0.sdk/System/Library/PrivateFrameworks/AccessibilityUtilities.framework/AccessibilityUtilities and /Applications/Xcode.app/Contents/Developer/Platforms/iPhoneSimulator.platform/Developer/SDKs/iPhoneSimulator7.0.sdk/usr/lib/libAXSpeechManager.dylib. One of the two will be used. Which one is undefined.
2014-03-01 14:43:38.958 Warrior Healing[2093:80b] Cannot find executable for CFBundle 0xaa592a0 </Applications/Xcode.app/Contents/Developer/Platforms/iPhoneSimulator.platform/Developer/SDKs/iPhoneSimulator7.0.sdk/System/Library/AccessibilityBundles/CertUIFramework.axbundle> (not loaded)
2014-03-01 14:43:38.985 Warrior Healing[2093:80b] Cannot find executable for CFBundle 0xaa6c2c0 </Applications/Xcode.app/Contents/Developer/Platforms/iPhoneSimulator.platform/Developer/SDKs/iPhoneSimulator7.0.sdk/System/Library/AccessibilityBundles/GeoServices.axbundle> (not loaded)
2014-03-01 14:43:39.041 Warrior Healing[2093:80b] Multi-tasking -> Device: YES, App: YES
2014-03-01 14:43:39.060 Warrior Healing[2093:80b] Unlimited access to network resources
2014-03-01 14:43:39.325 Warrior Healing[2093:80b] Resetting plugins due to page load.
2014-03-01 14:43:40.290 Warrior Healing[2093:80b] Finished load of: file:///Users/paulrose/Library/Application%20Support/iPhone%20Simulator/7.0.3/Applications/BB3587E0-6013-4875-B683-635CDAD8A977/Warrior%20Healing.app/www/index.html
